<?xml version="1.0" encoding="UTF-8"?>
<coverage generated="1643485737445" clover="3.2.0">
  <project timestamp="1643485737445" name="All files">
    <metrics statements="12" coveredstatements="12" conditionals="2" coveredconditionals="2" methods="1" coveredmethods="1" elements="15" coveredelements="15" complexity="0" loc="12" ncloc="12" packages="1" files="1" classes="1"/>
    <file name="forEach.ts" path="/Users/tednaaa/projects/custom-js-functions/src/array/forEach/forEach.ts">
      <metrics statements="12" coveredstatements="12" conditionals="2" coveredconditionals="2" methods="1" coveredmethods="1"/>
      <line num="1" count="1" type="stmt"/>
      <line num="2" count="1" type="stmt"/>
      <line num="3" count="1" type="stmt"/>
      <line num="4" count="1" type="stmt"/>
      <line num="5" count="1" type="stmt"/>
      <line num="6" count="1" type="cond" truecount="1" falsecount="0"/>
      <line num="7" count="6" type="cond" truecount="1" falsecount="0"/>
      <line num="8" count="18" type="stmt"/>
      <line num="9" count="18" type="stmt"/>
      <line num="10" count="18" type="stmt"/>
      <line num="11" count="18" type="stmt"/>
      <line num="12" count="6" type="stmt"/>
    </file>
  </project>
</coverage>
