{"/Users/tednaaa/projects/custom-js-functions/src/array/forEach/forEach.ts": {"path":"/Users/tednaaa/projects/custom-js-functions/src/array/forEach/forEach.ts","all":false,"statementMap":{"0":{"start":{"line":1,"column":0},"end":{"line":1,"column":29}},"1":{"start":{"line":2,"column":0},"end":{"line":2,"column":13}},"2":{"start":{"line":3,"column":0},"end":{"line":3,"column":57}},"3":{"start":{"line":4,"column":0},"end":{"line":4,"column":8}},"4":{"start":{"line":5,"column":0},"end":{"line":5,"column":0}},"5":{"start":{"line":6,"column":0},"end":{"line":6,"column":62}},"6":{"start":{"line":7,"column":0},"end":{"line":7,"column":54}},"7":{"start":{"line":8,"column":0},"end":{"line":8,"column":31}},"8":{"start":{"line":9,"column":0},"end":{"line":9,"column":0}},"9":{"start":{"line":10,"column":0},"end":{"line":10,"column":37}},"10":{"start":{"line":11,"column":0},"end":{"line":11,"column":3}},"11":{"start":{"line":12,"column":0},"end":{"line":12,"column":2}}},"s":{"0":1,"1":1,"2":1,"3":1,"4":1,"5":1,"6":6,"7":18,"8":18,"9":18,"10":18,"11":6},"branchMap":{"0":{"type":"branch","line":6,"loc":{"start":{"line":6,"column":40},"end":{"line":12,"column":2}},"locations":[{"start":{"line":6,"column":40},"end":{"line":12,"column":2}}]},"1":{"type":"branch","line":7,"loc":{"start":{"line":7,"column":53},"end":{"line":11,"column":3}},"locations":[{"start":{"line":7,"column":53},"end":{"line":11,"column":3}}]}},"b":{"0":[6],"1":[18]},"fnMap":{"0":{"name":"forEach","decl":{"start":{"line":6,"column":40},"end":{"line":12,"column":2}},"loc":{"start":{"line":6,"column":40},"end":{"line":12,"column":2}},"line":6}},"f":{"0":6}}
}
